  console.cpp
C:\Users\USER\Documents\GitHub\Chose-Me-PuzzleGame-\Chose Me\Chose Me\item.h(23,1): warning C4267: '초기화 중': 'size_t'에서 'int'(으)로 변환하면서 데이터가 손실될 수 있습니다.
C:\Users\USER\Documents\GitHub\Chose-Me-PuzzleGame-\Chose Me\Chose Me\console.cpp(5,18): warning C4838: 'int'에서 'SHORT'(으)로의 변환에는 축소 변환이 필요합니다.
C:\Users\USER\Documents\GitHub\Chose-Me-PuzzleGame-\Chose Me\Chose Me\console.cpp(5,20): warning C4838: 'int'에서 'SHORT'(으)로의 변환에는 축소 변환이 필요합니다.
  intro.cpp
C:\Users\USER\Documents\GitHub\Chose-Me-PuzzleGame-\Chose Me\Chose Me\item.h(23,1): warning C4267: '초기화 중': 'size_t'에서 'int'(으)로 변환하면서 데이터가 손실될 수 있습니다.
  main.cpp
C:\Users\USER\Documents\GitHub\Chose-Me-PuzzleGame-\Chose Me\Chose Me\item.h(23,1): warning C4267: '초기화 중': 'size_t'에서 'int'(으)로 변환하면서 데이터가 손실될 수 있습니다.
C:\Users\USER\Documents\GitHub\Chose-Me-PuzzleGame-\Chose Me\Chose Me\main.cpp(39,14): warning C4566: 유니버설 문자 이름 '\u2593'(으)로 표현되는 문자는 현재 코드 페이지(949)에서 표현할 수 없습니다.
C:\Users\USER\Documents\GitHub\Chose-Me-PuzzleGame-\Chose Me\Chose Me\main.cpp(40,14): warning C4566: 유니버설 문자 이름 '\u2593'(으)로 표현되는 문자는 현재 코드 페이지(949)에서 표현할 수 없습니다.
C:\Users\USER\Documents\GitHub\Chose-Me-PuzzleGame-\Chose Me\Chose Me\main.cpp(43,14): warning C4566: 유니버설 문자 이름 '\u2593'(으)로 표현되는 문자는 현재 코드 페이지(949)에서 표현할 수 없습니다.
C:\Users\USER\Documents\GitHub\Chose-Me-PuzzleGame-\Chose Me\Chose Me\main.cpp(44,14): warning C4566: 유니버설 문자 이름 '\u2593'(으)로 표현되는 문자는 현재 코드 페이지(949)에서 표현할 수 없습니다.
C:\Users\USER\Documents\GitHub\Chose-Me-PuzzleGame-\Chose Me\Chose Me\main.cpp(117,14): warning C4566: 유니버설 문자 이름 '\u2593'(으)로 표현되는 문자는 현재 코드 페이지(949)에서 표현할 수 없습니다.
C:\Users\USER\Documents\GitHub\Chose-Me-PuzzleGame-\Chose Me\Chose Me\main.cpp(118,14): warning C4566: 유니버설 문자 이름 '\u2593'(으)로 표현되는 문자는 현재 코드 페이지(949)에서 표현할 수 없습니다.
C:\Users\USER\Documents\GitHub\Chose-Me-PuzzleGame-\Chose Me\Chose Me\main.cpp(121,14): warning C4566: 유니버설 문자 이름 '\u2593'(으)로 표현되는 문자는 현재 코드 페이지(949)에서 표현할 수 없습니다.
C:\Users\USER\Documents\GitHub\Chose-Me-PuzzleGame-\Chose Me\Chose Me\main.cpp(122,14): warning C4566: 유니버설 문자 이름 '\u2593'(으)로 표현되는 문자는 현재 코드 페이지(949)에서 표현할 수 없습니다.
  room.cpp
C:\Users\USER\Documents\GitHub\Chose-Me-PuzzleGame-\Chose Me\Chose Me\item.h(23,1): warning C4267: '초기화 중': 'size_t'에서 'int'(으)로 변환하면서 데이터가 손실될 수 있습니다.
  코드를 생성하고 있습니다.
  4 of 121 functions ( 3.3%) were compiled, the rest were copied from previous compilation.
    1 functions were new in current compilation
    5 functions had inline decision re-evaluated but remain unchanged
  코드를 생성했습니다.
  Chose Me.vcxproj -> C:\Users\USER\Documents\GitHub\Chose-Me-PuzzleGame-\Chose Me\x64\Release\Chose Me.exe
